<?xml version="1.0" encoding="UTF-8"?>
<testng-results ignored="0" total="2" passed="2" failed="0" skipped="0">
  <reporter-output>
  </reporter-output>
  <suite started-at="2024-05-20T00:33:51 IST" name="Suite" finished-at="2024-05-20T00:34:07 IST" duration-ms="15290">
    <groups>
      <group name="Purchase">
        <method signature="SubmitOrderTest.submitOrder(java.util.HashMap)[pri:0, instance:rahulshettyacademy.tests.SubmitOrderTest@7fa98a66]" name="submitOrder" class="rahulshettyacademy.tests.SubmitOrderTest"/>
      </group> <!-- Purchase -->
    </groups>
    <test started-at="2024-05-20T00:33:51 IST" name="Error Validations Test" finished-at="2024-05-20T00:33:51 IST" duration-ms="18">
    </test> <!-- Error Validations Test -->
    <test started-at="2024-05-20T00:33:51 IST" name="Submit Order Test" finished-at="2024-05-20T00:34:07 IST" duration-ms="15290">
      <class name="rahulshettyacademy.tests.SubmitOrderTest">
        <test-method is-config="true" signature="launchApplication()[pri:0, instance:rahulshettyacademy.tests.SubmitOrderTest@7fa98a66]" started-at="2024-05-20T00:33:52 IST" name="launchApplication" finished-at="2024-05-20T00:33:56 IST" duration-ms="4526" status="PASS">
          <reporter-output>
          </reporter-output>
        </test-method> <!-- launchApplication -->
        <test-method signature="submitOrder(java.util.HashMap)[pri:0, instance:rahulshettyacademy.tests.SubmitOrderTest@7fa98a66]" started-at="2024-05-20T00:33:56 IST" name="submitOrder" data-provider="getData" finished-at="2024-05-20T00:34:00 IST" duration-ms="3460" status="PASS">
          <params>
            <param index="0">
              <value>
                <![CDATA[{password=Test@123, product=ZARA COAT 3, email=Rishabh123@gmail.com}]]>
              </value>
            </param>
          </params>
          <reporter-output>
          </reporter-output>
        </test-method> <!-- submitOrder -->
        <test-method is-config="true" signature="tearDown()[pri:0, instance:rahulshettyacademy.tests.SubmitOrderTest@7fa98a66]" started-at="2024-05-20T00:34:00 IST" name="tearDown" finished-at="2024-05-20T00:34:00 IST" duration-ms="91" status="PASS">
          <reporter-output>
          </reporter-output>
        </test-method> <!-- tearDown -->
        <test-method is-config="true" signature="launchApplication()[pri:0, instance:rahulshettyacademy.tests.SubmitOrderTest@7fa98a66]" started-at="2024-05-20T00:34:00 IST" name="launchApplication" finished-at="2024-05-20T00:34:03 IST" duration-ms="3173" status="PASS">
          <reporter-output>
          </reporter-output>
        </test-method> <!-- launchApplication -->
        <test-method signature="submitOrder(java.util.HashMap)[pri:0, instance:rahulshettyacademy.tests.SubmitOrderTest@7fa98a66]" started-at="2024-05-20T00:34:03 IST" name="submitOrder" data-provider="getData" finished-at="2024-05-20T00:34:06 IST" duration-ms="3410" status="PASS">
          <params>
            <param index="0">
              <value>
                <![CDATA[{password=Test@123, product=ADIDAS ORIGINAL, email=Rishabh@gmail.com}]]>
              </value>
            </param>
          </params>
          <reporter-output>
          </reporter-output>
        </test-method> <!-- submitOrder -->
        <test-method is-config="true" signature="tearDown()[pri:0, instance:rahulshettyacademy.tests.SubmitOrderTest@7fa98a66]" started-at="2024-05-20T00:34:06 IST" name="tearDown" finished-at="2024-05-20T00:34:07 IST" duration-ms="163" status="PASS">
          <reporter-output>
          </reporter-output>
        </test-method> <!-- tearDown -->
      </class> <!-- rahulshettyacademy.tests.SubmitOrderTest -->
    </test> <!-- Submit Order Test -->
  </suite> <!-- Suite -->
</testng-results>
